<?xml version="1.0" encoding="UTF-8"?>
<!-- Generated by org.testng.reporters.JUnitXMLReporter -->
<testsuite hostname="1-ПК" name="Create New Product [Chrome]" tests="4" failures="0" timestamp="12 Oct 2017 08:21:00 GMT" time="34.471" errors="0">
  <testcase name="loginTest" time="6.786" classname="myprojects.automation.assignment4.tests.CreateProductTest"/>
  <testcase name="createNewProduct" time="15.098" classname="myprojects.automation.assignment4.tests.CreateProductTest"/>
  <testcase name="checkProductDisplayedInTheTable" time="3.8" classname="myprojects.automation.assignment4.tests.CreateProductTest"/>
  <testcase name="checkProductValues" time="2.2" classname="myprojects.automation.assignment4.tests.CreateProductTest"/>
</testsuite> <!-- Create New Product [Chrome] -->
