<?xml version="1.0" encoding="UTF-8"?>
<testsuite xmlns:xsi="http://www.w3.org/2001/XMLSchema-instance" xsi:schemaLocation="https://maven.apache.org/surefire/maven-surefire-plugin/xsd/surefire-test-report.xsd" name="TestSuite" time="149.688" tests="12" errors="0" skipped="0" failures="0">
  <properties>
[...]
</properties>
  <testcase name="loginTest" classname="myprojects.automation.assignment4.tests.CreateProductTest" time="6.795"/>
  <testcase name="loginTest" classname="myprojects.automation.assignment4.tests.CreateProductTest" time="9.466"/>
  <testcase name="loginTest" classname="myprojects.automation.assignment4.tests.CreateProductTest" time="12.695"/>
  <testcase name="createNewProduct" classname="myprojects.automation.assignment4.tests.CreateProductTest" time="15.09"/>
  <testcase name="createNewProduct" classname="myprojects.automation.assignment4.tests.CreateProductTest" time="24.741"/>
  <testcase name="createNewProduct" classname="myprojects.automation.assignment4.tests.CreateProductTest" time="15.186"/>
  <testcase name="checkProductDisplayedInTheTable" classname="myprojects.automation.assignment4.tests.CreateProductTest" time="3.804"/>
  <testcase name="checkProductDisplayedInTheTable" classname="myprojects.automation.assignment4.tests.CreateProductTest" time="7.946"/>
  <testcase name="checkProductDisplayedInTheTable" classname="myprojects.automation.assignment4.tests.CreateProductTest" time="3.472"/>
  <testcase name="checkProductValues" classname="myprojects.automation.assignment4.tests.CreateProductTest" time="2.202"/>
  <testcase name="checkProductValues" classname="myprojects.automation.assignment4.tests.CreateProductTest" time="13.872"/>
  <testcase name="checkProductValues" classname="myprojects.automation.assignment4.tests.CreateProductTest" time="2.708"/>
</testsuite>