<?xml version="1.0" encoding="UTF-8"?>
<testng-results skipped="2" failed="1" total="4" passed="1">
  <reporter-output>
    <line>
      <![CDATA[Logging to website <br />]]>
    </line>
    <line>
      <![CDATA[[00:23:33.773] Navigate to http://prestashop-automation.qatestlab.com.ua/admin147ajyvk0/]]>
    </line>
    <line>
      <![CDATA[[00:23:35.998] Search for element By.id: email]]>
    </line>
    <line>
      <![CDATA[[00:23:36.12 ] Change value of input: webinar.test@gmail.com
]]>
    </line>
    <line>
      <![CDATA[[00:23:36.502] Changed element input]]>
    </line>
    <line>
      <![CDATA[[00:23:36.502] Search for element By.id: passwd]]>
    </line>
    <line>
      <![CDATA[[00:23:36.563] Change value of input: Xcg7299bnSmMuRLp9ITw
]]>
    </line>
    <line>
      <![CDATA[[00:23:36.926] Changed element input]]>
    </line>
    <line>
      <![CDATA[[00:23:36.926] Search for element By.name: submitLogin]]>
    </line>
    <line>
      <![CDATA[[00:23:36.987] Click on element button]]>
    </line>
    <line>
      <![CDATA[[00:23:37.225] Succesfully clicking on button]]>
    </line>
    <line>
      <![CDATA[[00:23:40.313] Search for element By.id: subtab-AdminCatalog]]>
    </line>
    <line>
      <![CDATA[[00:23:40.6  ] Search for element By.tagName: h2]]>
    </line>
    <line>
      <![CDATA[Add new Product in admin panel <br />]]>
    </line>
    <line>
      <![CDATA[[00:23:40.743] Search for element By.id: subtab-AdminCatalog]]>
    </line>
    <line>
      <![CDATA[[00:23:40.931] Search for element By.id: subtab-AdminProducts]]>
    </line>
    <line>
      <![CDATA[[00:23:41.032] Found element li]]>
    </line>
    <line>
      <![CDATA[[00:23:41.052] Click on element li]]>
    </line>
    <line>
      <![CDATA[[00:23:45.003] Search for element By.id: page-header-desc-configuration-add]]>
    </line>
    <line>
      <![CDATA[[00:23:45.112] Click on element a]]>
    </line>
  </reporter-output>
  <suite name="Products Management" duration-ms="22973" started-at="2017-10-10T21:23:28Z" finished-at="2017-10-10T21:23:51Z">
    <groups>
    </groups>
    <test name="Create New Product [Chrome]" duration-ms="22973" started-at="2017-10-10T21:23:28Z" finished-at="2017-10-10T21:23:51Z">
      <class name="myprojects.automation.assignment4.tests.CreateProductTest">
        <test-method status="PASS" signature="setUp(java.lang.String)[pri:0, instance:myprojects.automation.assignment4.tests.CreateProductTest@108b2d7]" name="setUp" is-config="true" duration-ms="5319" started-at="2017-10-11T00:23:28Z" finished-at="2017-10-11T00:23:33Z">
          <params>
            <param index="0">
              <value>
                <![CDATA[chrome]]>
              </value>
            </param>
          </params>
          <reporter-output>
          </reporter-output>
        </test-method> <!-- setUp -->
        <test-method status="PASS" signature="loginTest(java.lang.String, java.lang.String)[pri:0, instance:myprojects.automation.assignment4.tests.CreateProductTest@108b2d7]" name="loginTest" duration-ms="6984" started-at="2017-10-11T00:23:33Z" data-provider="getLoginAndPassword" finished-at="2017-10-11T00:23:40Z">
          <params>
            <param index="0">
              <value>
                <![CDATA[webinar.test@gmail.com]]>
              </value>
            </param>
            <param index="1">
              <value>
                <![CDATA[Xcg7299bnSmMuRLp9ITw]]>
              </value>
            </param>
          </params>
          <reporter-output>
            <line>
              <![CDATA[Logging to website <br />]]>
            </line>
            <line>
              <![CDATA[[00:23:33.773] Navigate to http://prestashop-automation.qatestlab.com.ua/admin147ajyvk0/]]>
            </line>
            <line>
              <![CDATA[[00:23:35.998] Search for element By.id: email]]>
            </line>
            <line>
              <![CDATA[[00:23:36.12 ] Change value of input: webinar.test@gmail.com
]]>
            </line>
            <line>
              <![CDATA[[00:23:36.502] Changed element input]]>
            </line>
            <line>
              <![CDATA[[00:23:36.502] Search for element By.id: passwd]]>
            </line>
            <line>
              <![CDATA[[00:23:36.563] Change value of input: Xcg7299bnSmMuRLp9ITw
]]>
            </line>
            <line>
              <![CDATA[[00:23:36.926] Changed element input]]>
            </line>
            <line>
              <![CDATA[[00:23:36.926] Search for element By.name: submitLogin]]>
            </line>
            <line>
              <![CDATA[[00:23:36.987] Click on element button]]>
            </line>
            <line>
              <![CDATA[[00:23:37.225] Succesfully clicking on button]]>
            </line>
            <line>
              <![CDATA[[00:23:40.313] Search for element By.id: subtab-AdminCatalog]]>
            </line>
            <line>
              <![CDATA[[00:23:40.6  ] Search for element By.tagName: h2]]>
            </line>
          </reporter-output>
        </test-method> <!-- loginTest -->
        <test-method status="FAIL" signature="createNewProduct()[pri:0, instance:myprojects.automation.assignment4.tests.CreateProductTest@108b2d7]" name="createNewProduct" duration-ms="10619" started-at="2017-10-11T00:23:40Z" depends-on-methods="myprojects.automation.assignment4.tests.CreateProductTest.loginTest" finished-at="2017-10-11T00:23:51Z">
          <exception class="org.openqa.selenium.StaleElementReferenceException">
            <message>
              <![CDATA[stale element reference: element is not attached to the page document
  (Session info: chrome=61.0.3163.100)
  (Driver info: chromedriver=2.32.498550 (9dec58e66c31bcc53a9ce3c7226f0c1c5810906a),platform=Windows NT 6.1.7601 SP1 x86) (WARNING: The server did not provide any stacktrace information)
Command duration or timeout: 0 milliseconds
For documentation on this error, please visit: http://seleniumhq.org/exceptions/stale_element_reference.html
Build info: version: '3.6.0', revision: '6fbf3ec767', time: '2017-09-27T15:28:36.4Z'
System info: host: '1-ПК', ip: '192.168.56.1', os.name: 'Windows 7', os.arch: 'x86', os.version: '6.1', java.version: '1.8.0_111'
Driver info: org.openqa.selenium.chrome.ChromeDriver
Capabilities [{mobileEmulationEnabled=false, hasTouchScreen=false, platform=XP, acceptSslCerts=true, webStorageEnabled=true, browserName=chrome, takesScreenshot=true, javascriptEnabled=true, platformName=XP, setWindowRect=true, unexpectedAlertBehaviour=, applicationCacheEnabled=false, rotatable=false, networkConnectionEnabled=false, chrome={chromedriverVersion=2.32.498550 (9dec58e66c31bcc53a9ce3c7226f0c1c5810906a), userDataDir=C:\Users\1\AppData\Local\Temp\scoped_dir1204_32408}, takesHeapSnapshot=true, pageLoadStrategy=normal, unhandledPromptBehavior=, databaseEnabled=false, handlesAlerts=true, version=61.0.3163.100, browserConnectionEnabled=false, nativeEvents=true, locationContextEnabled=true, cssSelectorsEnabled=true}]
Session ID: 57ef51323e1b0c1275074d8dc223a83f]]>
            </message>
            <full-stacktrace>
              <![CDATA[org.openqa.selenium.StaleElementReferenceException: stale element reference: element is not attached to the page document
  (Session info: chrome=61.0.3163.100)
  (Driver info: chromedriver=2.32.498550 (9dec58e66c31bcc53a9ce3c7226f0c1c5810906a),platform=Windows NT 6.1.7601 SP1 x86) (WARNING: The server did not provide any stacktrace information)
Command duration or timeout: 0 milliseconds
For documentation on this error, please visit: http://seleniumhq.org/exceptions/stale_element_reference.html
Build info: version: '3.6.0', revision: '6fbf3ec767', time: '2017-09-27T15:28:36.4Z'
System info: host: '1-ПК', ip: '192.168.56.1', os.name: 'Windows 7', os.arch: 'x86', os.version: '6.1', java.version: '1.8.0_111'
Driver info: org.openqa.selenium.chrome.ChromeDriver
Capabilities [{mobileEmulationEnabled=false, hasTouchScreen=false, platform=XP, acceptSslCerts=true, webStorageEnabled=true, browserName=chrome, takesScreenshot=true, javascriptEnabled=true, platformName=XP, setWindowRect=true, unexpectedAlertBehaviour=, applicationCacheEnabled=false, rotatable=false, networkConnectionEnabled=false, chrome={chromedriverVersion=2.32.498550 (9dec58e66c31bcc53a9ce3c7226f0c1c5810906a), userDataDir=C:\Users\1\AppData\Local\Temp\scoped_dir1204_32408}, takesHeapSnapshot=true, pageLoadStrategy=normal, unhandledPromptBehavior=, databaseEnabled=false, handlesAlerts=true, version=61.0.3163.100, browserConnectionEnabled=false, nativeEvents=true, locationContextEnabled=true, cssSelectorsEnabled=true}]
Session ID: 57ef51323e1b0c1275074d8dc223a83f
	at sun.reflect.NativeConstructorAccessorImpl.newInstance0(Native Method)
	at sun.reflect.NativeConstructorAccessorImpl.newInstance(NativeConstructorAccessorImpl.java:62)
	at sun.reflect.DelegatingConstructorAccessorImpl.newInstance(DelegatingConstructorAccessorImpl.java:45)
	at java.lang.reflect.Constructor.newInstance(Constructor.java:423)
	at org.openqa.selenium.remote.ErrorHandler.createThrowable(ErrorHandler.java:214)
	at org.openqa.selenium.remote.ErrorHandler.throwIfResponseFailed(ErrorHandler.java:166)
	at org.openqa.selenium.remote.http.JsonHttpResponseCodec.reconstructValue(JsonHttpResponseCodec.java:40)
	at org.openqa.selenium.remote.http.AbstractHttpResponseCodec.decode(AbstractHttpResponseCodec.java:82)
	at org.openqa.selenium.remote.http.AbstractHttpResponseCodec.decode(AbstractHttpResponseCodec.java:45)
	at org.openqa.selenium.remote.HttpCommandExecutor.execute(HttpCommandExecutor.java:164)
	at org.openqa.selenium.remote.service.DriverCommandExecutor.execute(DriverCommandExecutor.java:83)
	at org.openqa.selenium.remote.RemoteWebDriver.execute(RemoteWebDriver.java:586)
	at org.openqa.selenium.remote.RemoteWebElement.execute(RemoteWebElement.java:279)
	at org.openqa.selenium.remote.RemoteWebElement.getTagName(RemoteWebElement.java:122)
	at sun.reflect.NativeMethodAccessorImpl.invoke0(Native Method)
	at sun.reflect.NativeMethodAccessorImpl.invoke(NativeMethodAccessorImpl.java:62)
	at sun.reflect.DelegatingMethodAccessorImpl.invoke(DelegatingMethodAccessorImpl.java:43)
	at java.lang.reflect.Method.invoke(Method.java:498)
	at org.openqa.selenium.support.events.EventFiringWebDriver$EventFiringWebElement$1.invoke(EventFiringWebDriver.java:376)
	at com.sun.proxy.$Proxy7.getTagName(Unknown Source)
	at myprojects.automation.assignment4.utils.logging.EventHandler.afterClickOn(EventHandler.java:93)
	at sun.reflect.NativeMethodAccessorImpl.invoke0(Native Method)
	at sun.reflect.NativeMethodAccessorImpl.invoke(NativeMethodAccessorImpl.java:62)
	at sun.reflect.DelegatingMethodAccessorImpl.invoke(DelegatingMethodAccessorImpl.java:43)
	at java.lang.reflect.Method.invoke(Method.java:498)
	at org.openqa.selenium.support.events.EventFiringWebDriver$1.invoke(EventFiringWebDriver.java:86)
	at com.sun.proxy.$Proxy5.afterClickOn(Unknown Source)
	at org.openqa.selenium.support.events.EventFiringWebDriver$EventFiringWebElement.click(EventFiringWebDriver.java:390)
	at myprojects.automation.assignment4.GeneralActions.createProduct(GeneralActions.java:89)
	at myprojects.automation.assignment4.tests.CreateProductTest.createNewProduct(CreateProductTest.java:37)
	at sun.reflect.NativeMethodAccessorImpl.invoke0(Native Method)
	at sun.reflect.NativeMethodAccessorImpl.invoke(NativeMethodAccessorImpl.java:62)
	at sun.reflect.DelegatingMethodAccessorImpl.invoke(DelegatingMethodAccessorImpl.java:43)
	at java.lang.reflect.Method.invoke(Method.java:498)
	at org.testng.internal.MethodInvocationHelper.invokeMethod(MethodInvocationHelper.java:86)
	at org.testng.internal.Invoker.invokeMethod(Invoker.java:643)
	at org.testng.internal.Invoker.invokeTestMethod(Invoker.java:820)
	at org.testng.internal.Invoker.invokeTestMethods(Invoker.java:1128)
	at org.testng.internal.TestMethodWorker.invokeTestMethods(TestMethodWorker.java:129)
	at org.testng.internal.TestMethodWorker.run(TestMethodWorker.java:112)
	at org.testng.TestRunner.privateRun(TestRunner.java:782)
	at org.testng.TestRunner.run(TestRunner.java:632)
	at org.testng.SuiteRunner.runTest(SuiteRunner.java:366)
	at org.testng.SuiteRunner.runSequentially(SuiteRunner.java:361)
	at org.testng.SuiteRunner.privateRun(SuiteRunner.java:319)
	at org.testng.SuiteRunner.run(SuiteRunner.java:268)
	at org.testng.SuiteRunnerWorker.runSuite(SuiteRunnerWorker.java:52)
	at org.testng.SuiteRunnerWorker.run(SuiteRunnerWorker.java:86)
	at org.testng.TestNG.runSuitesSequentially(TestNG.java:1244)
	at org.testng.TestNG.runSuitesLocally(TestNG.java:1169)
	at org.testng.TestNG.run(TestNG.java:1064)
	at org.apache.maven.surefire.testng.TestNGExecutor.run(TestNGExecutor.java:281)
	at org.apache.maven.surefire.testng.TestNGXmlTestSuite.execute(TestNGXmlTestSuite.java:75)
	at org.apache.maven.surefire.testng.TestNGProvider.invoke(TestNGProvider.java:121)
	at org.apache.maven.surefire.booter.ForkedBooter.invokeProviderInSameClassLoader(ForkedBooter.java:290)
	at org.apache.maven.surefire.booter.ForkedBooter.runSuitesInProcess(ForkedBooter.java:242)
	at org.apache.maven.surefire.booter.ForkedBooter.main(ForkedBooter.java:121)
]]>
            </full-stacktrace>
          </exception> <!-- org.openqa.selenium.StaleElementReferenceException -->
          <reporter-output>
            <line>
              <![CDATA[Add new Product in admin panel <br />]]>
            </line>
            <line>
              <![CDATA[[00:23:40.743] Search for element By.id: subtab-AdminCatalog]]>
            </line>
            <line>
              <![CDATA[[00:23:40.931] Search for element By.id: subtab-AdminProducts]]>
            </line>
            <line>
              <![CDATA[[00:23:41.032] Found element li]]>
            </line>
            <line>
              <![CDATA[[00:23:41.052] Click on element li]]>
            </line>
            <line>
              <![CDATA[[00:23:45.003] Search for element By.id: page-header-desc-configuration-add]]>
            </line>
            <line>
              <![CDATA[[00:23:45.112] Click on element a]]>
            </line>
          </reporter-output>
        </test-method> <!-- createNewProduct -->
        <test-method status="SKIP" signature="checkProductDisplayedInTheTable()[pri:0, instance:myprojects.automation.assignment4.tests.CreateProductTest@108b2d7]" name="checkProductDisplayedInTheTable" duration-ms="0" started-at="2017-10-11T00:23:51Z" depends-on-methods="myprojects.automation.assignment4.tests.CreateProductTest.createNewProduct" finished-at="2017-10-11T00:23:51Z">
          <exception class="java.lang.Throwable">
            <message>
              <![CDATA[Method CreateProductTest.checkProductDisplayedInTheTable()[pri:0, instance:myprojects.automation.assignment4.tests.CreateProductTest@108b2d7] depends on not successfully finished methods]]>
            </message>
            <full-stacktrace>
              <![CDATA[java.lang.Throwable: Method CreateProductTest.checkProductDisplayedInTheTable()[pri:0, instance:myprojects.automation.assignment4.tests.CreateProductTest@108b2d7] depends on not successfully finished methods
	at org.testng.internal.Invoker.invokeTestMethods(Invoker.java:1037)
	at org.testng.internal.TestMethodWorker.invokeTestMethods(TestMethodWorker.java:129)
	at org.testng.internal.TestMethodWorker.run(TestMethodWorker.java:112)
	at org.testng.TestRunner.privateRun(TestRunner.java:782)
	at org.testng.TestRunner.run(TestRunner.java:632)
	at org.testng.SuiteRunner.runTest(SuiteRunner.java:366)
	at org.testng.SuiteRunner.runSequentially(SuiteRunner.java:361)
	at org.testng.SuiteRunner.privateRun(SuiteRunner.java:319)
	at org.testng.SuiteRunner.run(SuiteRunner.java:268)
	at org.testng.SuiteRunnerWorker.runSuite(SuiteRunnerWorker.java:52)
	at org.testng.SuiteRunnerWorker.run(SuiteRunnerWorker.java:86)
	at org.testng.TestNG.runSuitesSequentially(TestNG.java:1244)
	at org.testng.TestNG.runSuitesLocally(TestNG.java:1169)
	at org.testng.TestNG.run(TestNG.java:1064)
	at org.apache.maven.surefire.testng.TestNGExecutor.run(TestNGExecutor.java:281)
	at org.apache.maven.surefire.testng.TestNGXmlTestSuite.execute(TestNGXmlTestSuite.java:75)
	at org.apache.maven.surefire.testng.TestNGProvider.invoke(TestNGProvider.java:121)
	at org.apache.maven.surefire.booter.ForkedBooter.invokeProviderInSameClassLoader(ForkedBooter.java:290)
	at org.apache.maven.surefire.booter.ForkedBooter.runSuitesInProcess(ForkedBooter.java:242)
	at org.apache.maven.surefire.booter.ForkedBooter.main(ForkedBooter.java:121)
]]>
            </full-stacktrace>
          </exception> <!-- java.lang.Throwable -->
          <reporter-output>
          </reporter-output>
        </test-method> <!-- checkProductDisplayedInTheTable -->
        <test-method status="SKIP" signature="checkProductValues()[pri:0, instance:myprojects.automation.assignment4.tests.CreateProductTest@108b2d7]" name="checkProductValues" duration-ms="0" started-at="2017-10-11T00:23:51Z" depends-on-methods="myprojects.automation.assignment4.tests.CreateProductTest.checkProductDisplayedInTheTable" finished-at="2017-10-11T00:23:51Z">
          <exception class="java.lang.Throwable">
            <message>
              <![CDATA[Method CreateProductTest.checkProductValues()[pri:0, instance:myprojects.automation.assignment4.tests.CreateProductTest@108b2d7] depends on not successfully finished methods]]>
            </message>
            <full-stacktrace>
              <![CDATA[java.lang.Throwable: Method CreateProductTest.checkProductValues()[pri:0, instance:myprojects.automation.assignment4.tests.CreateProductTest@108b2d7] depends on not successfully finished methods
	at org.testng.internal.Invoker.invokeTestMethods(Invoker.java:1037)
	at org.testng.internal.TestMethodWorker.invokeTestMethods(TestMethodWorker.java:129)
	at org.testng.internal.TestMethodWorker.run(TestMethodWorker.java:112)
	at org.testng.TestRunner.privateRun(TestRunner.java:782)
	at org.testng.TestRunner.run(TestRunner.java:632)
	at org.testng.SuiteRunner.runTest(SuiteRunner.java:366)
	at org.testng.SuiteRunner.runSequentially(SuiteRunner.java:361)
	at org.testng.SuiteRunner.privateRun(SuiteRunner.java:319)
	at org.testng.SuiteRunner.run(SuiteRunner.java:268)
	at org.testng.SuiteRunnerWorker.runSuite(SuiteRunnerWorker.java:52)
	at org.testng.SuiteRunnerWorker.run(SuiteRunnerWorker.java:86)
	at org.testng.TestNG.runSuitesSequentially(TestNG.java:1244)
	at org.testng.TestNG.runSuitesLocally(TestNG.java:1169)
	at org.testng.TestNG.run(TestNG.java:1064)
	at org.apache.maven.surefire.testng.TestNGExecutor.run(TestNGExecutor.java:281)
	at org.apache.maven.surefire.testng.TestNGXmlTestSuite.execute(TestNGXmlTestSuite.java:75)
	at org.apache.maven.surefire.testng.TestNGProvider.invoke(TestNGProvider.java:121)
	at org.apache.maven.surefire.booter.ForkedBooter.invokeProviderInSameClassLoader(ForkedBooter.java:290)
	at org.apache.maven.surefire.booter.ForkedBooter.runSuitesInProcess(ForkedBooter.java:242)
	at org.apache.maven.surefire.booter.ForkedBooter.main(ForkedBooter.java:121)
]]>
            </full-stacktrace>
          </exception> <!-- java.lang.Throwable -->
          <reporter-output>
          </reporter-output>
        </test-method> <!-- checkProductValues -->
      </class> <!-- myprojects.automation.assignment4.tests.CreateProductTest -->
    </test> <!-- Create New Product [Chrome] -->
  </suite> <!-- Products Management -->
</testng-results>
